  D_List1.c
C:\D original\study folder\C\data_structure\D_List.c\D_List1.c(10,13): warning C4133: “=”: 从“DL *”到“Singlelist *”的类型不兼容
C:\D original\study folder\C\data_structure\D_List.c\D_List1.c(18,20): warning C4133: “!=”: 从“DL *”到“Singlelist *”的类型不兼容
C:\D original\study folder\C\data_structure\D_List.c\D_List1.c(20,8): warning C4133: “=”: 从“Singlelist *”到“DL *”的类型不兼容
C:\D original\study folder\C\data_structure\D_List.c\D_List1.c(32,8): warning C4133: “=”: 从“Singlelist *”到“DL *”的类型不兼容
C:\D original\study folder\C\data_structure\D_List.c\D_List1.c(28,6): warning C4090: “初始化”: 不同的“const”限定符
C:\D original\study folder\C\data_structure\D_List.c\D_List1.c(41,12): warning C4133: “=”: 从“DL *”到“Singlelist *”的类型不兼容
C:\D original\study folder\C\data_structure\D_List.c\D_List1.c(42,13): warning C4133: “=”: 从“DL *”到“Singlelist *”的类型不兼容
C:\D original\study folder\C\data_structure\D_List.c\D_List1.c(48,13): warning C4133: “函数”: 从“Singlelist *”到“DL *”的类型不兼容
C:\D original\study folder\C\data_structure\D_List.c\D_List1.c(58,16): warning C4133: “=”: 从“DL *”到“Singlelist *”的类型不兼容
C:\D original\study folder\C\data_structure\D_List.c\D_List1.c(57,6): warning C4133: “初始化”: 从“Singlelist *”到“DL *”的类型不兼容
C:\D original\study folder\C\data_structure\D_List.c\D_List1.c(64,12): warning C4133: “函数”: 从“Singlelist *”到“DL *”的类型不兼容
C:\D original\study folder\C\data_structure\D_List.c\D_List1.c(72,6): warning C4090: “初始化”: 不同的“const”限定符
C:\D original\study folder\C\data_structure\D_List.c\D_List1.c(78,20): warning C4133: “!=”: 从“const DL *”到“Singlelist *”的类型不兼容
C:\D original\study folder\C\data_structure\D_List.c\D_List1.c(80,8): warning C4133: “=”: 从“Singlelist *”到“DL *”的类型不兼容
C:\D original\study folder\C\data_structure\D_List.c\D_List1.c(77,6): warning C4090: “初始化”: 不同的“const”限定符
C:\D original\study folder\C\data_structure\D_List.c\D_List1.c(91,1): warning C4029: 声明的形参表不同于定义
C:\D original\study folder\C\data_structure\D_List.c\D_List1.c(92,6): warning C4090: “初始化”: 不同的“const”限定符
  Test.c
C:\D original\study folder\C\data_structure\D_List.c\Test.c(28,28): warning C4020: “modifylist”: 实参太多
  正在生成代码...
  D_List.c.vcxproj -> C:\D original\study folder\C\data_structure\D_List.c\x64\Debug\D_List.c.exe
